<?xml version="1.0" encoding="UTF-8"?>
<!-- Generated by org.testng.reporters.JUnitReportReporter -->
<testsuite hostname="Appirio-13889" name="testing.NewTest" tests="1" failures="0" timestamp="20 May 2020 05:22:46 GMT" time="0.012" errors="0">
  <testcase name="f" time="0.012" classname="testing.NewTest"/>
</testsuite> <!-- testing.NewTest -->
